生成启动时间为 2017/6/10 16:43:09。
     1>项目“C:\Users\Administrator\Documents\Tencent Files\495678265\FileRecv\MobileFile\Queel\StudentInfo\StudentInfo\StudentInfo.vcxproj”在节点 2 上(build 个目标)。
     1>InitializeBuildStatus:
         正在创建“Debug\StudentInfo.unsuccessfulbuild”，因为已指定“AlwaysCreate”。
       ClCompile:
         所有输出均为最新。
         c:\Program Files\Microsoft Visual Studio 10.0\VC\bin\CL.exe /c /ZI /nologo /W3 /WX- /Od /Oy- /D WIN32 /D _WINDOWS /D _DEBUG /D _MBCS /D _AFXDLL /Gm /EHsc /RTC1 /MDd /GS /fp:precise /Zc:wchar_t /Zc:forScope /Yu"StdAfx.h" /Fp"Debug\StudentInfo.pch" /Fo"Debug\\" /Fd"Debug\vc100.pdb" /Gd /TP /analyze- /errorReport:prompt LogIn.cpp
         LogIn.cpp
       ResourceCompile:
         所有输出均为最新。
       ManifestResourceCompile:
         所有输出均为最新。
       Link:
         c:\Program Files\Microsoft Visual Studio 10.0\VC\bin\link.exe /ERRORREPORT:PROMPT /OUT:"C:\Users\Administrator\Documents\Tencent Files\495678265\FileRecv\MobileFile\Queel\StudentInfo\Debug\StudentInfo.exe" /INCREMENTAL /NOLOGO odbc32.lib /MANIFEST /ManifestFile:"Debug\StudentInfo.exe.intermediate.manifest" /MANIFESTUAC:"level='asInvoker' uiAccess='false'" /DEBUG /PDB:"C:\Users\Administrator\Documents\Tencent Files\495678265\FileRecv\MobileFile\Queel\StudentInfo\Debug\StudentInfo.pdb" /SUBSYSTEM:WINDOWS /TLBID:1 /DYNAMICBASE /NXCOMPAT /IMPLIB:"C:\Users\Administrator\Documents\Tencent Files\495678265\FileRecv\MobileFile\Queel\StudentInfo\Debug\StudentInfo.lib" /MACHINE:X86 Debug\StudentInfo.res
         Debug\StudentInfo.exe.embed.manifest.res
         Debug\CCourseSet.obj
         Debug\CGradeSet.obj
         Debug\CourseDlg.obj
         Debug\CSCChoiceSet.obj
         Debug\CStudentSet.obj
         Debug\GradeDlg.obj
         Debug\LogIn.obj
         Debug\LogInSet.obj
         Debug\SCChoiceDlg.obj
         Debug\stdafx.obj
         Debug\StudentDlg.obj
         Debug\StudentInfo.obj
         Debug\StudentInfoDlg.obj
       Manifest:
         C:\Program Files\Microsoft SDKs\Windows\v7.0A\bin\mt.exe /nologo /verbose /out:"Debug\StudentInfo.exe.embed.manifest" /manifest Debug\StudentInfo.exe.intermediate.manifest "c:\Program Files\Microsoft Visual Studio 10.0\VC\Include\Manifest\dpiaware.manifest"
         所有输出均为最新。
       LinkEmbedManifest:
         所有输出均为最新。
         StudentInfo.vcxproj -> C:\Users\Administrator\Documents\Tencent Files\495678265\FileRecv\MobileFile\Queel\StudentInfo\Debug\StudentInfo.exe
       FinalizeBuildStatus:
         正在删除文件“Debug\StudentInfo.unsuccessfulbuild”。
         正在对“Debug\StudentInfo.lastbuildstate”执行 Touch 任务。
     1>已完成生成项目“C:\Users\Administrator\Documents\Tencent Files\495678265\FileRecv\MobileFile\Queel\StudentInfo\StudentInfo\StudentInfo.vcxproj”(build 个目标)的操作。

生成成功。

已用时间 00:00:00.45
