C:\USERS\ADMINISTRATOR\DOCUMENTS\TENCENT FILES\495678265\FILERECV\MOBILEFILE\QUEEL\STUDENTINFO\DEBUG\STUDENTINFO.EXE
C:\USERS\ADMINISTRATOR\DOCUMENTS\TENCENT FILES\495678265\FILERECV\MOBILEFILE\QUEEL\STUDENTINFO\DEBUG\STUDENTINFO.ILK
C:\USERS\ADMINISTRATOR\DOCUMENTS\TENCENT FILES\495678265\FILERECV\MOBILEFILE\QUEEL\STUDENTINFO\DEBUG\STUDENTINFO.PDB
C:\USERS\ADMINISTRATOR\DOCUMENTS\TENCENT FILES\495678265\FILERECV\MOBILEFILE\QUEEL\STUDENTINFO\STUDENTINFO\DEBUG\CCOURSESET.OBJ
C:\Users\Administrator\Documents\Tencent Files\495678265\FileRecv\MobileFile\Queel\StudentInfo\StudentInfo\Debug\cl.command.1.tlog
C:\Users\Administrator\Documents\Tencent Files\495678265\FileRecv\MobileFile\Queel\StudentInfo\StudentInfo\Debug\CL.read.1.tlog
C:\Users\Administrator\Documents\Tencent Files\495678265\FileRecv\MobileFile\Queel\StudentInfo\StudentInfo\Debug\CL.write.1.tlog
C:\USERS\ADMINISTRATOR\DOCUMENTS\TENCENT FILES\495678265\FILERECV\MOBILEFILE\QUEEL\STUDENTINFO\STUDENTINFO\DEBUG\COURSEDLG.OBJ
C:\USERS\ADMINISTRATOR\DOCUMENTS\TENCENT FILES\495678265\FILERECV\MOBILEFILE\QUEEL\STUDENTINFO\STUDENTINFO\DEBUG\CSTUDENTSET.OBJ
C:\USERS\ADMINISTRATOR\DOCUMENTS\TENCENT FILES\495678265\FILERECV\MOBILEFILE\QUEEL\STUDENTINFO\STUDENTINFO\DEBUG\GRADEDLG.OBJ
C:\Users\Administrator\Documents\Tencent Files\495678265\FileRecv\MobileFile\Queel\StudentInfo\StudentInfo\Debug\link.5672.read.1.tlog
C:\Users\Administrator\Documents\Tencent Files\495678265\FileRecv\MobileFile\Queel\StudentInfo\StudentInfo\Debug\link.5672.write.1.tlog
C:\Users\Administrator\Documents\Tencent Files\495678265\FileRecv\MobileFile\Queel\StudentInfo\StudentInfo\Debug\link.5672-cvtres.read.1.tlog
C:\Users\Administrator\Documents\Tencent Files\495678265\FileRecv\MobileFile\Queel\StudentInfo\StudentInfo\Debug\link.5672-cvtres.write.1.tlog
C:\Users\Administrator\Documents\Tencent Files\495678265\FileRecv\MobileFile\Queel\StudentInfo\StudentInfo\Debug\link.command.1.tlog
C:\Users\Administrator\Documents\Tencent Files\495678265\FileRecv\MobileFile\Queel\StudentInfo\StudentInfo\Debug\link.read.1.tlog
C:\Users\Administrator\Documents\Tencent Files\495678265\FileRecv\MobileFile\Queel\StudentInfo\StudentInfo\Debug\link.write.1.tlog
C:\Users\Administrator\Documents\Tencent Files\495678265\FileRecv\MobileFile\Queel\StudentInfo\StudentInfo\Debug\link-cvtres.read.1.tlog
C:\Users\Administrator\Documents\Tencent Files\495678265\FileRecv\MobileFile\Queel\StudentInfo\StudentInfo\Debug\link-cvtres.write.1.tlog
C:\Users\Administrator\Documents\Tencent Files\495678265\FileRecv\MobileFile\Queel\StudentInfo\StudentInfo\Debug\mt.command.1.tlog
C:\Users\Administrator\Documents\Tencent Files\495678265\FileRecv\MobileFile\Queel\StudentInfo\StudentInfo\Debug\mt.read.1.tlog
C:\Users\Administrator\Documents\Tencent Files\495678265\FileRecv\MobileFile\Queel\StudentInfo\StudentInfo\Debug\mt.write.1.tlog
C:\Users\Administrator\Documents\Tencent Files\495678265\FileRecv\MobileFile\Queel\StudentInfo\StudentInfo\Debug\rc.command.1.tlog
C:\Users\Administrator\Documents\Tencent Files\495678265\FileRecv\MobileFile\Queel\StudentInfo\StudentInfo\Debug\rc.read.1.tlog
C:\Users\Administrator\Documents\Tencent Files\495678265\FileRecv\MobileFile\Queel\StudentInfo\StudentInfo\Debug\rc.write.1.tlog
C:\USERS\ADMINISTRATOR\DOCUMENTS\TENCENT FILES\495678265\FILERECV\MOBILEFILE\QUEEL\STUDENTINFO\STUDENTINFO\DEBUG\SCCHOICEDLG.OBJ
C:\USERS\ADMINISTRATOR\DOCUMENTS\TENCENT FILES\495678265\FILERECV\MOBILEFILE\QUEEL\STUDENTINFO\STUDENTINFO\DEBUG\STDAFX.OBJ
C:\USERS\ADMINISTRATOR\DOCUMENTS\TENCENT FILES\495678265\FILERECV\MOBILEFILE\QUEEL\STUDENTINFO\STUDENTINFO\DEBUG\STUDENTDLG.OBJ
C:\USERS\ADMINISTRATOR\DOCUMENTS\TENCENT FILES\495678265\FILERECV\MOBILEFILE\QUEEL\STUDENTINFO\STUDENTINFO\DEBUG\STUDENTINFO.EXE.EMBED.MANIFEST
C:\USERS\ADMINISTRATOR\DOCUMENTS\TENCENT FILES\495678265\FILERECV\MOBILEFILE\QUEEL\STUDENTINFO\STUDENTINFO\DEBUG\STUDENTINFO.EXE.EMBED.MANIFEST.RES
C:\USERS\ADMINISTRATOR\DOCUMENTS\TENCENT FILES\495678265\FILERECV\MOBILEFILE\QUEEL\STUDENTINFO\STUDENTINFO\DEBUG\STUDENTINFO.EXE.INTERMEDIATE.MANIFEST
C:\USERS\ADMINISTRATOR\DOCUMENTS\TENCENT FILES\495678265\FILERECV\MOBILEFILE\QUEEL\STUDENTINFO\STUDENTINFO\DEBUG\STUDENTINFO.OBJ
C:\USERS\ADMINISTRATOR\DOCUMENTS\TENCENT FILES\495678265\FILERECV\MOBILEFILE\QUEEL\STUDENTINFO\STUDENTINFO\DEBUG\STUDENTINFO.PCH
C:\USERS\ADMINISTRATOR\DOCUMENTS\TENCENT FILES\495678265\FILERECV\MOBILEFILE\QUEEL\STUDENTINFO\STUDENTINFO\DEBUG\STUDENTINFO.RES
C:\Users\Administrator\Documents\Tencent Files\495678265\FileRecv\MobileFile\Queel\StudentInfo\StudentInfo\Debug\StudentInfo.vcxprojResolveAssemblyReference.cache
C:\Users\Administrator\Documents\Tencent Files\495678265\FileRecv\MobileFile\Queel\StudentInfo\StudentInfo\Debug\StudentInfo.write.1.tlog
C:\Users\Administrator\Documents\Tencent Files\495678265\FileRecv\MobileFile\Queel\StudentInfo\StudentInfo\Debug\StudentInfo_manifest.rc
C:\USERS\ADMINISTRATOR\DOCUMENTS\TENCENT FILES\495678265\FILERECV\MOBILEFILE\QUEEL\STUDENTINFO\STUDENTINFO\DEBUG\STUDENTINFODLG.OBJ
C:\Users\Administrator\Documents\Tencent Files\495678265\FileRecv\MobileFile\Queel\StudentInfo\StudentInfo\Debug\vc100.idb
C:\USERS\ADMINISTRATOR\DOCUMENTS\TENCENT FILES\495678265\FILERECV\MOBILEFILE\QUEEL\STUDENTINFO\STUDENTINFO\DEBUG\VC100.PDB
